<?xml version="1.0" encoding="UTF-8"?>
<!-- Generated by org.testng.reporters.JUnitReportReporter -->
<testsuite hostname="DESKTOP-4VT63TV" failures="0" tests="4" name="Object_Package.MainPage" time="23.397" errors="0" timestamp="2023-05-13T17:03:46 IST" skipped="0">
  <testcase classname="Object_Package.MainPage" name="SearchItem" time="8.896"/>
  <system-out/>
  <testcase classname="Object_Package.MainPage" name="AddCart" time="6.266"/>
  <system-out/>
  <testcase classname="Object_Package.MainPage" name="IncreaseQuantity" time="6.078"/>
  <system-out/>
  <testcase classname="Object_Package.MainPage" name="NewAccount" time="2.157"/>
  <system-out/>
</testsuite> <!-- Object_Package.MainPage -->
